<?xml version="1.0" encoding="UTF-8"?>
<testsuite name="raidzero.robot.utils.InterpolatingTreeMapTester" tests="1" skipped="0" failures="0" errors="0" timestamp="2021-01-27T00:19:56" hostname="1009963-L" time="0.004">
  <properties/>
  <testcase name="isCorrectlyInterpolating" classname="raidzero.robot.utils.InterpolatingTreeMapTester" time="0.004"/>
  <system-out><![CDATA[]]></system-out>
  <system-err><![CDATA[]]></system-err>
</testsuite>
